Arguments: 
  C:\Program Files\nodejs\node.exe C:\Program Files\nodejs\node_modules\yarn\bin\yarn.js add jest @type/jest --dev

PATH: 
  C:\Program Files (x86)\Razer\ChromaBroadcast\bin;C:\Program Files\Razer\ChromaBroadcast\bin;C:\Program Files (x86)\Lenovo\PCManager\4.0.20.11192\Security\service;C:\Program Files (x86)\NVIDIA Corporation\PhysX\Common;C:\Program Files (x86)\Common Files\Oracle\Java\javapath;C:\WINDOWS\system32;C:\WINDOWS;C:\WINDOWS\System32\Wbem;C:\WINDOWS\System32\WindowsPowerShell\v1.0\;C:\WINDOWS\System32\OpenSSH\;C:\Users\lenovo\AppData\Roaming\nvm;C:\Program Files\nodejs;"D:\developSoftware\Java\jdk1.8.0_281\bin;D:\developSoftware\Java\jdk1.8.0_281\jre\bin";D:\apache-maven-3.8.1\bin;C:\Program Files (x86)\NetSarang\Xshell 7\;C:\WINDOWS\system32\config\systemprofile\AppData\Local\Microsoft\WindowsApps;C:\Users\lenovo\AppData\Local\Microsoft\WindowsApps;D:\software\dev\Microsoft VS Code\bin;C:\Program Files\Bandizip\;C:\Program Files (x86)\Lenovo\PCManager\4.0.20.11192\;C:\Program Files (x86)\Lenovo\PCManager\4.0.20.11192\Security\service;C:\Program Files\Git\cmd;

Yarn version: 
  1.22.17

Node version: 
  12.21.0

Platform: 
  win32 x64

Trace: 
  Error: https://registry.npmjs.org/@type%2fjest: Not found
      at Request.params.callback [as _callback] (C:\Users\lenovo\AppData\Roaming\nvm\v12.21.0\node_modules\yarn\lib\cli.js:67029:18)
      at Request.self.callback (C:\Users\lenovo\AppData\Roaming\nvm\v12.21.0\node_modules\yarn\lib\cli.js:140883:22)
      at Request.emit (events.js:314:20)
      at Request.<anonymous> (C:\Users\lenovo\AppData\Roaming\nvm\v12.21.0\node_modules\yarn\lib\cli.js:141855:10)
      at Request.emit (events.js:314:20)
      at IncomingMessage.<anonymous> (C:\Users\lenovo\AppData\Roaming\nvm\v12.21.0\node_modules\yarn\lib\cli.js:141777:12)
      at Object.onceWrapper (events.js:420:28)
      at IncomingMessage.emit (events.js:326:22)
      at endReadableNT (_stream_readable.js:1241:12)
      at processTicksAndRejections (internal/process/task_queues.js:84:21)

npm manifest: 
  {
    "name": "my-mini-vue",
    "version": "1.0.0",
    "main": "index.js",
    "license": "MIT",
    "devDependencies": {
      "typescript": "^4.5.5"
    }
  }

yarn manifest: 
  No manifest

Lockfile: 
  # THIS IS AN AUTOGENERATED FILE. DO NOT EDIT THIS FILE DIRECTLY.
  # yarn lockfile v1
  
  
  typescript@^4.5.5:
    version "4.5.5"
    resolved "https://registry.yarnpkg.com/typescript/-/typescript-4.5.5.tgz#d8c953832d28924a9e3d37c73d729c846c5896f3"
    integrity sha512-TCTIul70LyWe6IJWT8QSYeA54WQe8EjQFU4wY52Fasj5UKx88LNYKCgBEHcOMOrFF1rKGbD8v/xcNWVUq9SymA==
